Base path: C:/Program Files/Unity/Editor/Data
Pipe name: \\.\pipe\UnityShaderCompiler-64bit-1-2680
Cmd: getPlatforms
Cmd: preprocess
  insize=4320 outsize=1045 ok=1
Cmd: preprocess
  insize=1391 outsize=515 ok=1
Cmd: preprocess
  insize=13263 outsize=2671 ok=1
Cmd: preprocess
  insize=2379 outsize=1092 ok=1
Cmd: preprocess
  insize=2340 outsize=1021 ok=1
Cmd: preprocess
  insize=12408 outsize=2547 ok=1
Cmd: preprocess
  insize=4636 outsize=1076 ok=1
Cmd: preprocess
  insize=3592 outsize=1058 ok=1
Cmd: preprocess
  insize=1890 outsize=547 ok=1
Cmd: preprocess
  insize=846 outsize=406 ok=1
Cmd: preprocess
  insize=4445 outsize=999 ok=1
Cmd: preprocess
  insize=1028 outsize=505 ok=1
Cmd: preprocess
  insize=1066 outsize=473 ok=1
Cmd: preprocess
  insize=2379 outsize=1086 ok=1
Cmd: preprocess
  insize=2209 outsize=3085 ok=1
Cmd: preprocess
  insize=3503 outsize=1056 ok=1
Cmd: preprocess
  insize=2209 outsize=3085 ok=1
Cmd: preprocess
  insize=899 outsize=381 ok=1
Cmd: preprocess
  insize=1056 outsize=463 ok=1
Cmd: preprocess
  insize=1035 outsize=483 ok=1
Cmd: preprocess
  insize=1105 outsize=457 ok=1
Cmd: preprocess
  insize=923 outsize=435 ok=1
